[12/30/2014 12:21:20]: Classfile QweController could not be loaded with __autoload
[12/30/2014 12:21:20]: Couldn't find class file for QweController in bootstrap.php
[12/30/2014 07:43:53]: Couldn't find class file for Header.cssController in bootstrap.php
[12/30/2014 07:43:53]: Couldn't find class file for Main-navigation.cssController in bootstrap.php
[12/30/2014 07:43:53]: Couldn't find class file for Elements.cssController in bootstrap.php
[12/30/2014 07:43:53]: Couldn't find class file for Intro-teaser.cssController in bootstrap.php
[12/30/2014 07:43:53]: Couldn't find class file for Grid-home.cssController in bootstrap.php
[12/30/2014 07:43:53]: Couldn't find class file for Bjqs.cssController in bootstrap.php
[12/30/2014 07:43:53]: Classfile JsController could not be loaded with __autoload
[12/30/2014 07:43:53]: Couldn't find class file for JsController in bootstrap.php
[12/30/2014 07:43:53]: Classfile JsController could not be loaded with __autoload
[12/30/2014 07:43:53]: Couldn't find class file for JsController in bootstrap.php
[12/30/2014 07:43:54]: Classfile ImgController could not be loaded with __autoload
[12/30/2014 07:43:54]: Couldn't find class file for ImgController in bootstrap.php
[12/30/2014 07:43:54]: Classfile ImgController could not be loaded with __autoload
[12/30/2014 07:43:54]: Couldn't find class file for ImgController in bootstrap.php
[12/30/2014 07:43:54]: Classfile ImgController could not be loaded with __autoload
[12/30/2014 07:43:54]: Couldn't find class file for ImgController in bootstrap.php
[12/30/2014 07:43:54]: Classfile ImgController could not be loaded with __autoload
[12/30/2014 07:43:54]: Couldn't find class file for ImgController in bootstrap.php
[12/30/2014 07:45:40]: Couldn't find class file for Elements.cssController in bootstrap.php
[12/30/2014 07:45:40]: Couldn't find class file for Header.cssController in bootstrap.php
[12/30/2014 07:45:40]: Couldn't find class file for Grid-home.cssController in bootstrap.php
[12/30/2014 07:45:40]: Couldn't find class file for Bjqs.cssController in bootstrap.php
[12/30/2014 07:45:40]: Couldn't find class file for Main-navigation.cssController in bootstrap.php
[12/30/2014 07:45:40]: Couldn't find class file for Intro-teaser.cssController in bootstrap.php
[12/30/2014 07:45:40]: Classfile JsController could not be loaded with __autoload
[12/30/2014 07:45:40]: Couldn't find class file for JsController in bootstrap.php
[12/30/2014 07:45:40]: Classfile JsController could not be loaded with __autoload
[12/30/2014 07:45:40]: Couldn't find class file for JsController in bootstrap.php
[12/30/2014 07:45:40]: Classfile ImgController could not be loaded with __autoload
[12/30/2014 07:45:40]: Couldn't find class file for ImgController in bootstrap.php
[12/30/2014 07:45:40]: Classfile ImgController could not be loaded with __autoload
[12/30/2014 07:45:40]: Classfile ImgController could not be loaded with __autoload
[12/30/2014 07:45:40]: Couldn't find class file for ImgController in bootstrap.php
[12/30/2014 07:45:40]: Couldn't find class file for ImgController in bootstrap.php
[12/30/2014 07:45:40]: Classfile ImgController could not be loaded with __autoload
[12/30/2014 07:45:40]: Couldn't find class file for ImgController in bootstrap.php
[12/30/2014 07:46:20]: Couldn't find class file for Header.cssController in bootstrap.php
[12/30/2014 07:46:20]: Couldn't find class file for Main-navigation.cssController in bootstrap.php
[12/30/2014 07:46:20]: Couldn't find class file for Intro-teaser.cssController in bootstrap.php
[12/30/2014 07:46:20]: Couldn't find class file for Elements.cssController in bootstrap.php
[12/30/2014 07:46:20]: Classfile JsController could not be loaded with __autoload
[12/30/2014 07:46:20]: Couldn't find class file for JsController in bootstrap.php
[12/30/2014 07:46:20]: Classfile JsController could not be loaded with __autoload
[12/30/2014 07:46:20]: Couldn't find class file for JsController in bootstrap.php
[12/30/2014 07:46:20]: Couldn't find class file for Grid-home.cssController in bootstrap.php
[12/30/2014 07:46:20]: Couldn't find class file for Bjqs.cssController in bootstrap.php
[12/30/2014 07:46:20]: Classfile ImgController could not be loaded with __autoload
[12/30/2014 07:46:20]: Couldn't find class file for ImgController in bootstrap.php
[12/30/2014 07:46:20]: Classfile ImgController could not be loaded with __autoload
[12/30/2014 07:46:20]: Couldn't find class file for ImgController in bootstrap.php
[12/30/2014 07:46:20]: Classfile ImgController could not be loaded with __autoload
[12/30/2014 07:46:20]: Couldn't find class file for ImgController in bootstrap.php
[12/30/2014 07:46:20]: Classfile ImgController could not be loaded with __autoload
[12/30/2014 07:46:20]: Couldn't find class file for ImgController in bootstrap.php
[12/30/2014 07:48:00]: Couldn't find class file for Elements.cssController in bootstrap.php
[12/30/2014 07:48:00]: Couldn't find class file for Main-navigation.cssController in bootstrap.php
[12/30/2014 07:48:00]: Couldn't find class file for Intro-teaser.cssController in bootstrap.php
[12/30/2014 07:48:00]: Couldn't find class file for Bjqs.cssController in bootstrap.php
[12/30/2014 07:48:00]: Couldn't find class file for Grid-home.cssController in bootstrap.php
[12/30/2014 07:48:00]: Couldn't find class file for Header.cssController in bootstrap.php
[12/30/2014 07:48:00]: Classfile JsController could not be loaded with __autoload
[12/30/2014 07:48:00]: Couldn't find class file for JsController in bootstrap.php
[12/30/2014 07:48:00]: Classfile JsController could not be loaded with __autoload
[12/30/2014 07:48:00]: Couldn't find class file for JsController in bootstrap.php
[12/30/2014 07:48:00]: Classfile ImgController could not be loaded with __autoload
[12/30/2014 07:48:00]: Couldn't find class file for ImgController in bootstrap.php
[12/30/2014 07:48:00]: Classfile ImgController could not be loaded with __autoload
[12/30/2014 07:48:00]: Couldn't find class file for ImgController in bootstrap.php
[12/30/2014 07:48:00]: Classfile ImgController could not be loaded with __autoload
[12/30/2014 07:48:00]: Couldn't find class file for ImgController in bootstrap.php
[12/30/2014 07:48:00]: Classfile ImgController could not be loaded with __autoload
[12/30/2014 07:48:00]: Couldn't find class file for ImgController in bootstrap.php
[12/30/2014 07:49:19]: Couldn't find class file for Header.cssController in bootstrap.php
[12/30/2014 07:49:19]: Couldn't find class file for Main-navigation.cssController in bootstrap.php
[12/30/2014 07:49:19]: Couldn't find class file for Grid-home.cssController in bootstrap.php
[12/30/2014 07:49:19]: Couldn't find class file for Intro-teaser.cssController in bootstrap.php
[12/30/2014 07:49:19]: Couldn't find class file for Bjqs.cssController in bootstrap.php
[12/30/2014 07:49:19]: Classfile JsController could not be loaded with __autoload
[12/30/2014 07:49:19]: Couldn't find class file for JsController in bootstrap.php
[12/30/2014 07:49:19]: Classfile JsController could not be loaded with __autoload
[12/30/2014 07:49:19]: Couldn't find class file for JsController in bootstrap.php
[12/30/2014 07:49:19]: Couldn't find class file for Elements.cssController in bootstrap.php
[12/30/2014 07:49:19]: Classfile ImgController could not be loaded with __autoload
[12/30/2014 07:49:19]: Couldn't find class file for ImgController in bootstrap.php
[12/30/2014 07:49:19]: Classfile ImgController could not be loaded with __autoload
[12/30/2014 07:49:19]: Couldn't find class file for ImgController in bootstrap.php
[12/30/2014 07:49:19]: Classfile ImgController could not be loaded with __autoload
[12/30/2014 07:49:19]: Couldn't find class file for ImgController in bootstrap.php
[12/30/2014 07:49:19]: Classfile ImgController could not be loaded with __autoload
[12/30/2014 07:49:19]: Couldn't find class file for ImgController in bootstrap.php
[12/30/2014 07:49:53]: Couldn't find class file for Header.cssController in bootstrap.php
[12/30/2014 07:49:53]: Couldn't find class file for Elements.cssController in bootstrap.php
[12/30/2014 07:49:53]: Couldn't find class file for Intro-teaser.cssController in bootstrap.php
[12/30/2014 07:49:53]: Couldn't find class file for Main-navigation.cssController in bootstrap.php
[12/30/2014 07:49:53]: Couldn't find class file for Grid-home.cssController in bootstrap.php
[12/30/2014 07:49:53]: Couldn't find class file for Bjqs.cssController in bootstrap.php
[12/30/2014 07:49:53]: Classfile JsController could not be loaded with __autoload
[12/30/2014 07:49:53]: Couldn't find class file for JsController in bootstrap.php
[12/30/2014 07:49:53]: Classfile JsController could not be loaded with __autoload
[12/30/2014 07:49:53]: Couldn't find class file for JsController in bootstrap.php
[12/30/2014 07:49:53]: Classfile ImgController could not be loaded with __autoload
[12/30/2014 07:49:53]: Couldn't find class file for ImgController in bootstrap.php
[12/30/2014 07:49:53]: Classfile ImgController could not be loaded with __autoload
[12/30/2014 07:49:53]: Couldn't find class file for ImgController in bootstrap.php
[12/30/2014 07:49:53]: Classfile ImgController could not be loaded with __autoload
[12/30/2014 07:49:53]: Couldn't find class file for ImgController in bootstrap.php
[12/30/2014 07:49:53]: Classfile ImgController could not be loaded with __autoload
[12/30/2014 07:49:53]: Couldn't find class file for ImgController in bootstrap.php
[12/30/2014 07:51:55]: Couldn't find class file for Elements.cssController in bootstrap.php
[12/30/2014 07:51:55]: Couldn't find class file for Header.cssController in bootstrap.php
[12/30/2014 07:51:55]: Couldn't find class file for Grid-home.cssController in bootstrap.php
[12/30/2014 07:51:55]: Couldn't find class file for Main-navigation.cssController in bootstrap.php
[12/30/2014 07:51:55]: Couldn't find class file for Intro-teaser.cssController in bootstrap.php
[12/30/2014 07:51:55]: Couldn't find class file for Bjqs.cssController in bootstrap.php
[12/30/2014 07:51:55]: Classfile JsController could not be loaded with __autoload
[12/30/2014 07:51:55]: Couldn't find class file for JsController in bootstrap.php
[12/30/2014 07:51:55]: Classfile JsController could not be loaded with __autoload
[12/30/2014 07:51:55]: Couldn't find class file for JsController in bootstrap.php
[12/30/2014 07:51:55]: Classfile ImgController could not be loaded with __autoload
[12/30/2014 07:51:55]: Couldn't find class file for ImgController in bootstrap.php
[12/30/2014 07:51:55]: Classfile ImgController could not be loaded with __autoload
[12/30/2014 07:51:55]: Couldn't find class file for ImgController in bootstrap.php
[12/30/2014 07:51:55]: Classfile ImgController could not be loaded with __autoload
[12/30/2014 07:51:55]: Couldn't find class file for ImgController in bootstrap.php
[12/30/2014 07:51:55]: Classfile ImgController could not be loaded with __autoload
[12/30/2014 07:51:55]: Couldn't find class file for ImgController in bootstrap.php
[12/30/2014 07:52:05]: Couldn't find class file for Elements.cssController in bootstrap.php
[12/30/2014 07:52:05]: Couldn't find class file for Intro-teaser.cssController in bootstrap.php
[12/30/2014 07:52:05]: Couldn't find class file for Main-navigation.cssController in bootstrap.php
[12/30/2014 07:52:05]: Couldn't find class file for Grid-home.cssController in bootstrap.php
[12/30/2014 07:52:05]: Couldn't find class file for Bjqs.cssController in bootstrap.php
[12/30/2014 07:52:05]: Classfile JsController could not be loaded with __autoload
[12/30/2014 07:52:05]: Classfile JsController could not be loaded with __autoload
[12/30/2014 07:52:05]: Couldn't find class file for JsController in bootstrap.php
[12/30/2014 07:52:05]: Couldn't find class file for JsController in bootstrap.php
[12/30/2014 07:52:05]: Couldn't find class file for Header.cssController in bootstrap.php
[12/30/2014 07:52:05]: Classfile ImgController could not be loaded with __autoload
[12/30/2014 07:52:05]: Couldn't find class file for ImgController in bootstrap.php
[12/30/2014 07:52:05]: Classfile ImgController could not be loaded with __autoload
[12/30/2014 07:52:05]: Couldn't find class file for ImgController in bootstrap.php
[12/30/2014 07:52:05]: Classfile ImgController could not be loaded with __autoload
[12/30/2014 07:52:05]: Couldn't find class file for ImgController in bootstrap.php
[12/30/2014 07:52:05]: Classfile ImgController could not be loaded with __autoload
[12/30/2014 07:52:05]: Couldn't find class file for ImgController in bootstrap.php
[12/30/2014 07:52:08]: Couldn't find class file for Elements.cssController in bootstrap.php
[12/30/2014 07:52:08]: Couldn't find class file for Header.cssController in bootstrap.php
[12/30/2014 07:52:08]: Couldn't find class file for Main-navigation.cssController in bootstrap.php
[12/30/2014 07:52:08]: Couldn't find class file for Intro-teaser.cssController in bootstrap.php
[12/30/2014 07:52:08]: Couldn't find class file for Grid-home.cssController in bootstrap.php
[12/30/2014 07:52:08]: Couldn't find class file for Bjqs.cssController in bootstrap.php
[12/30/2014 07:52:08]: Classfile JsController could not be loaded with __autoload
[12/30/2014 07:52:08]: Couldn't find class file for JsController in bootstrap.php
[12/30/2014 07:52:08]: Classfile JsController could not be loaded with __autoload
[12/30/2014 07:52:08]: Couldn't find class file for JsController in bootstrap.php
[12/30/2014 07:52:08]: Classfile ImgController could not be loaded with __autoload
[12/30/2014 07:52:08]: Couldn't find class file for ImgController in bootstrap.php
[12/30/2014 07:52:08]: Classfile ImgController could not be loaded with __autoload
[12/30/2014 07:52:08]: Couldn't find class file for ImgController in bootstrap.php
[12/30/2014 07:52:08]: Classfile ImgController could not be loaded with __autoload
[12/30/2014 07:52:08]: Couldn't find class file for ImgController in bootstrap.php
[12/30/2014 07:52:08]: Classfile ImgController could not be loaded with __autoload
[12/30/2014 07:52:08]: Couldn't find class file for ImgController in bootstrap.php
[12/30/2014 07:53:29]: Couldn't find class file for Elements.cssController in bootstrap.php
[12/30/2014 07:53:29]: Couldn't find class file for Main-navigation.cssController in bootstrap.php
[12/30/2014 07:53:29]: Couldn't find class file for Grid-home.cssController in bootstrap.php
[12/30/2014 07:53:29]: Couldn't find class file for Intro-teaser.cssController in bootstrap.php
[12/30/2014 07:53:29]: Couldn't find class file for Header.cssController in bootstrap.php
[12/30/2014 07:53:29]: Couldn't find class file for Bjqs.cssController in bootstrap.php
[12/30/2014 07:53:29]: Classfile JsController could not be loaded with __autoload
[12/30/2014 07:53:29]: Couldn't find class file for JsController in bootstrap.php
[12/30/2014 07:53:29]: Classfile JsController could not be loaded with __autoload
[12/30/2014 07:53:29]: Couldn't find class file for JsController in bootstrap.php
[12/30/2014 07:53:29]: Classfile ImgController could not be loaded with __autoload
[12/30/2014 07:53:29]: Couldn't find class file for ImgController in bootstrap.php
[12/30/2014 07:53:58]: Couldn't find class file for Header.cssController in bootstrap.php
[12/30/2014 07:53:58]: Couldn't find class file for Main-navigation.cssController in bootstrap.php
[12/30/2014 07:53:58]: Couldn't find class file for Elements.cssController in bootstrap.php
[12/30/2014 07:53:58]: Couldn't find class file for Grid-home.cssController in bootstrap.php
[12/30/2014 07:53:58]: Couldn't find class file for Intro-teaser.cssController in bootstrap.php
[12/30/2014 07:53:58]: Couldn't find class file for Bjqs.cssController in bootstrap.php
[12/30/2014 07:53:59]: Classfile JsController could not be loaded with __autoload
[12/30/2014 07:53:59]: Couldn't find class file for JsController in bootstrap.php
[12/30/2014 07:53:59]: Classfile JsController could not be loaded with __autoload
[12/30/2014 07:53:59]: Couldn't find class file for JsController in bootstrap.php
[12/31/2014 02:54:36]: Classfile ModulesController could not be loaded with __autoload
[12/31/2014 02:54:36]: Couldn't find class file for ModulesController in bootstrap.php
[12/31/2014 02:54:36]: Classfile ModulesController could not be loaded with __autoload
[12/31/2014 02:54:36]: Couldn't find class file for ModulesController in bootstrap.php
[12/31/2014 02:54:36]: Classfile ModulesController could not be loaded with __autoload
[12/31/2014 02:54:36]: Couldn't find class file for ModulesController in bootstrap.php
[12/31/2014 02:54:36]: Classfile ModulesController could not be loaded with __autoload
[12/31/2014 02:54:36]: Couldn't find class file for ModulesController in bootstrap.php
[12/31/2014 02:54:36]: Classfile ModulesController could not be loaded with __autoload
[12/31/2014 02:54:36]: Couldn't find class file for ModulesController in bootstrap.php
